run_id=8ff90e67-06d0-42bb-ab27-83f3eb90edb5 run_type=weekly stage=init status=start
run_id=8ff90e67-06d0-42bb-ab27-83f3eb90edb5 message=Mailgun not configured, emails will be skipped stage=init status=info
run_id=8ff90e67-06d0-42bb-ab27-83f3eb90edb5 customer_count=11 stage=init status=complete
run_id=8ff90e67-06d0-42bb-ab27-83f3eb90edb5 customer_id=1 stage=process_customer status=start
run_id=8ff90e67-06d0-42bb-ab27-83f3eb90edb5 customer_id=1 reason=No sitemap_url configured run_type=weekly stage=skip_customer status=info
run_id=8ff90e67-06d0-42bb-ab27-83f3eb90edb5 customer_id=1 elapsed_ms=0 stage=process_customer status=complete
run_id=8ff90e67-06d0-42bb-ab27-83f3eb90edb5 customer_id=2 stage=process_customer status=start
run_id=8ff90e67-06d0-42bb-ab27-83f3eb90edb5 customer_id=2 reason=No sitemap_url configured run_type=weekly stage=skip_customer status=info
run_id=8ff90e67-06d0-42bb-ab27-83f3eb90edb5 customer_id=2 elapsed_ms=0 stage=process_customer status=complete
run_id=8ff90e67-06d0-42bb-ab27-83f3eb90edb5 customer_id=3 stage=process_customer status=start
run_id=8ff90e67-06d0-42bb-ab27-83f3eb90edb5 customer_id=3 reason=No sitemap_url configured run_type=weekly stage=skip_customer status=info
run_id=8ff90e67-06d0-42bb-ab27-83f3eb90edb5 customer_id=3 elapsed_ms=0 stage=process_customer status=complete
run_id=8ff90e67-06d0-42bb-ab27-83f3eb90edb5 customer_id=4 stage=process_customer status=start
run_id=8ff90e67-06d0-42bb-ab27-83f3eb90edb5 customer_id=4 reason=No sitemap_url configured run_type=weekly stage=skip_customer status=info
run_id=8ff90e67-06d0-42bb-ab27-83f3eb90edb5 customer_id=4 elapsed_ms=0 stage=process_customer status=complete
run_id=8ff90e67-06d0-42bb-ab27-83f3eb90edb5 customer_id=5 stage=process_customer status=start
run_id=8ff90e67-06d0-42bb-ab27-83f3eb90edb5 customer_id=5 reason=No sitemap_url configured run_type=weekly stage=skip_customer status=info
run_id=8ff90e67-06d0-42bb-ab27-83f3eb90edb5 customer_id=5 elapsed_ms=0 stage=process_customer status=complete
run_id=8ff90e67-06d0-42bb-ab27-83f3eb90edb5 customer_id=6 stage=process_customer status=start
run_id=8ff90e67-06d0-42bb-ab27-83f3eb90edb5 customer_id=6 reason=No sitemap_url configured run_type=weekly stage=skip_customer status=info
run_id=8ff90e67-06d0-42bb-ab27-83f3eb90edb5 customer_id=6 elapsed_ms=0 stage=process_customer status=complete
run_id=8ff90e67-06d0-42bb-ab27-83f3eb90edb5 customer_id=7 stage=process_customer status=start
run_id=8ff90e67-06d0-42bb-ab27-83f3eb90edb5 customer_id=7 reason=No sitemap_url configured run_type=weekly stage=skip_customer status=info
run_id=8ff90e67-06d0-42bb-ab27-83f3eb90edb5 customer_id=7 elapsed_ms=0 stage=process_customer status=complete
run_id=8ff90e67-06d0-42bb-ab27-83f3eb90edb5 customer_id=8 stage=process_customer status=start
run_id=8ff90e67-06d0-42bb-ab27-83f3eb90edb5 customer_id=8 reason=No sitemap_url configured run_type=weekly stage=skip_customer status=info
run_id=8ff90e67-06d0-42bb-ab27-83f3eb90edb5 customer_id=8 elapsed_ms=0 stage=process_customer status=complete
run_id=8ff90e67-06d0-42bb-ab27-83f3eb90edb5 customer_id=9 stage=process_customer status=start
run_id=8ff90e67-06d0-42bb-ab27-83f3eb90edb5 customer_id=9 stage=fetch_sitemap status=start
run_id=8ff90e67-06d0-42bb-ab27-83f3eb90edb5 customer_id=9 elapsed_ms=500 stage=fetch_sitemap status=complete
run_id=8ff90e67-06d0-42bb-ab27-83f3eb90edb5 crawl_limit=50 customer_id=9 run_type=weekly stage=page_fetch status=start total_urls=7
run_id=8ff90e67-06d0-42bb-ab27-83f3eb90edb5 customer_id=9 progress=1/7 run_type=weekly stage=page_fetch status=fetching url=https://alldonesites.com/
run_id=8ff90e67-06d0-42bb-ab27-83f3eb90edb5 customer_id=9 run_type=weekly stage=page_fetch status=success status_code=200 url=https://alldonesites.com/
run_id=8ff90e67-06d0-42bb-ab27-83f3eb90edb5 customer_id=9 progress=2/7 run_type=weekly stage=page_fetch status=fetching url=https://alldonesites.com/how-it-works
run_id=8ff90e67-06d0-42bb-ab27-83f3eb90edb5 customer_id=9 run_type=weekly stage=page_fetch status=success status_code=200 url=https://alldonesites.com/how-it-works
run_id=8ff90e67-06d0-42bb-ab27-83f3eb90edb5 customer_id=9 progress=3/7 run_type=weekly stage=page_fetch status=fetching url=https://alldonesites.com/pricing
run_id=8ff90e67-06d0-42bb-ab27-83f3eb90edb5 customer_id=9 run_type=weekly stage=page_fetch status=success status_code=200 url=https://alldonesites.com/pricing
run_id=8ff90e67-06d0-42bb-ab27-83f3eb90edb5 customer_id=9 progress=4/7 run_type=weekly stage=page_fetch status=fetching url=https://alldonesites.com/portfolio
run_id=8ff90e67-06d0-42bb-ab27-83f3eb90edb5 customer_id=9 run_type=weekly stage=page_fetch status=success status_code=200 url=https://alldonesites.com/portfolio
run_id=8ff90e67-06d0-42bb-ab27-83f3eb90edb5 customer_id=9 progress=5/7 run_type=weekly stage=page_fetch status=fetching url=https://alldonesites.com/faq
run_id=8ff90e67-06d0-42bb-ab27-83f3eb90edb5 customer_id=9 run_type=weekly stage=page_fetch status=success status_code=200 url=https://alldonesites.com/faq
run_id=8ff90e67-06d0-42bb-ab27-83f3eb90edb5 customer_id=9 progress=6/7 run_type=weekly stage=page_fetch status=fetching url=https://alldonesites.com/contact
run_id=8ff90e67-06d0-42bb-ab27-83f3eb90edb5 customer_id=9 run_type=weekly stage=page_fetch status=success status_code=200 url=https://alldonesites.com/contact
run_id=8ff90e67-06d0-42bb-ab27-83f3eb90edb5 customer_id=9 progress=7/7 run_type=weekly stage=page_fetch status=fetching url=https://alldonesites.com/contact-enterprise
run_id=8ff90e67-06d0-42bb-ab27-83f3eb90edb5 customer_id=9 run_type=weekly stage=page_fetch status=success status_code=200 url=https://alldonesites.com/contact-enterprise
run_id=8ff90e67-06d0-42bb-ab27-83f3eb90edb5 customer_id=9 error_count=0 fetched_count=7 run_type=weekly stage=page_fetch status=complete success_count=7
run_id=8ff90e67-06d0-42bb-ab27-83f3eb90edb5 customer_id=9 fetched_count=7 run_type=weekly stage=fetch_complete status=info success_count=7 total_urls=7
run_id=8ff90e67-06d0-42bb-ab27-83f3eb90edb5 customer_id=9 stage=detect_404s status=start
run_id=8ff90e67-06d0-42bb-ab27-83f3eb90edb5 customer_id=9 run_type=weekly stage=detect_404s status=complete total_404s=0
run_id=8ff90e67-06d0-42bb-ab27-83f3eb90edb5 customer_id=9 elapsed_ms=0 stage=detect_404s status=complete
run_id=8ff90e67-06d0-42bb-ab27-83f3eb90edb5 customer_id=9 stage=detect_broken_links status=start
run_id=8ff90e67-06d0-42bb-ab27-83f3eb90edb5 customer_id=9 elapsed_ms=0 stage=detect_broken_links status=complete
run_id=8ff90e67-06d0-42bb-ab27-83f3eb90edb5 customer_id=9 elapsed_ms=4005 stage=process_customer status=complete
run_id=8ff90e67-06d0-42bb-ab27-83f3eb90edb5 customer_id=10 stage=process_customer status=start
run_id=8ff90e67-06d0-42bb-ab27-83f3eb90edb5 customer_id=10 stage=fetch_sitemap status=start
run_id=8ff90e67-06d0-42bb-ab27-83f3eb90edb5 customer_id=10 elapsed_ms=111 stage=fetch_sitemap status=complete
run_id=8ff90e67-06d0-42bb-ab27-83f3eb90edb5 crawl_limit=30 customer_id=10 run_type=weekly stage=page_fetch status=start total_urls=6
run_id=8ff90e67-06d0-42bb-ab27-83f3eb90edb5 customer_id=10 progress=1/6 run_type=weekly stage=page_fetch status=fetching url=https://www.cesnet.co.za/
run_id=8ff90e67-06d0-42bb-ab27-83f3eb90edb5 customer_id=10 run_type=weekly stage=page_fetch status=success status_code=200 url=https://www.cesnet.co.za/
run_id=8ff90e67-06d0-42bb-ab27-83f3eb90edb5 customer_id=10 progress=2/6 run_type=weekly stage=page_fetch status=fetching url=https://www.cesnet.co.za/vacancies
run_id=8ff90e67-06d0-42bb-ab27-83f3eb90edb5 customer_id=10 run_type=weekly stage=page_fetch status=success status_code=200 url=https://www.cesnet.co.za/vacancies
run_id=8ff90e67-06d0-42bb-ab27-83f3eb90edb5 customer_id=10 progress=3/6 run_type=weekly stage=page_fetch status=fetching url=https://www.cesnet.co.za/company-profile
run_id=8ff90e67-06d0-42bb-ab27-83f3eb90edb5 customer_id=10 run_type=weekly stage=page_fetch status=success status_code=200 url=https://www.cesnet.co.za/company-profile
run_id=8ff90e67-06d0-42bb-ab27-83f3eb90edb5 customer_id=10 progress=4/6 run_type=weekly stage=page_fetch status=fetching url=https://www.cesnet.co.za/social-responsibility
run_id=8ff90e67-06d0-42bb-ab27-83f3eb90edb5 customer_id=10 run_type=weekly stage=page_fetch status=success status_code=200 url=https://www.cesnet.co.za/social-responsibility
run_id=8ff90e67-06d0-42bb-ab27-83f3eb90edb5 customer_id=10 progress=5/6 run_type=weekly stage=page_fetch status=fetching url=https://www.cesnet.co.za/popi-disclaimer
run_id=8ff90e67-06d0-42bb-ab27-83f3eb90edb5 customer_id=10 run_type=weekly stage=page_fetch status=success status_code=200 url=https://www.cesnet.co.za/popi-disclaimer
run_id=8ff90e67-06d0-42bb-ab27-83f3eb90edb5 customer_id=10 progress=6/6 run_type=weekly stage=page_fetch status=fetching url=https://www.cesnet.co.za/lderes-especialistas-em-servios-de-consultoria-ambiental-e-social
run_id=8ff90e67-06d0-42bb-ab27-83f3eb90edb5 customer_id=10 run_type=weekly stage=page_fetch status=success status_code=200 url=https://www.cesnet.co.za/lderes-especialistas-em-servios-de-consultoria-ambiental-e-social
run_id=8ff90e67-06d0-42bb-ab27-83f3eb90edb5 customer_id=10 error_count=0 fetched_count=6 run_type=weekly stage=page_fetch status=complete success_count=6
run_id=8ff90e67-06d0-42bb-ab27-83f3eb90edb5 customer_id=10 fetched_count=6 run_type=weekly stage=fetch_complete status=info success_count=6 total_urls=6
run_id=8ff90e67-06d0-42bb-ab27-83f3eb90edb5 customer_id=10 stage=detect_404s status=start
run_id=8ff90e67-06d0-42bb-ab27-83f3eb90edb5 customer_id=10 run_type=weekly stage=detect_404s status=complete total_404s=0
run_id=8ff90e67-06d0-42bb-ab27-83f3eb90edb5 customer_id=10 elapsed_ms=0 stage=detect_404s status=complete
run_id=8ff90e67-06d0-42bb-ab27-83f3eb90edb5 customer_id=10 stage=detect_broken_links status=start
run_id=8ff90e67-06d0-42bb-ab27-83f3eb90edb5 customer_id=10 elapsed_ms=0 stage=detect_broken_links status=complete
run_id=8ff90e67-06d0-42bb-ab27-83f3eb90edb5 customer_id=10 elapsed_ms=608 stage=process_customer status=complete
run_id=8ff90e67-06d0-42bb-ab27-83f3eb90edb5 customer_id=11 stage=process_customer status=start
run_id=8ff90e67-06d0-42bb-ab27-83f3eb90edb5 customer_id=11 stage=fetch_sitemap status=start
run_id=8ff90e67-06d0-42bb-ab27-83f3eb90edb5 customer_id=11 elapsed_ms=200 stage=fetch_sitemap status=complete
run_id=8ff90e67-06d0-42bb-ab27-83f3eb90edb5 crawl_limit=30 customer_id=11 run_type=weekly stage=page_fetch status=start total_urls=927
run_id=8ff90e67-06d0-42bb-ab27-83f3eb90edb5 customer_id=11 progress=1/30 run_type=weekly stage=page_fetch status=fetching url=https://www.djangoproject.com/weblog/2026/jan/21/djangonaut-space-session-6-accepting-applications/
run_id=8ff90e67-06d0-42bb-ab27-83f3eb90edb5 customer_id=11 run_type=weekly stage=page_fetch status=success status_code=200 url=https://www.djangoproject.com/weblog/2026/jan/21/djangonaut-space-session-6-accepting-applications/
run_id=8ff90e67-06d0-42bb-ab27-83f3eb90edb5 customer_id=11 progress=2/30 run_type=weekly stage=page_fetch status=fetching url=https://www.djangoproject.com/weblog/2026/jan/15/dsf-member-of-the-month-omar-abou-mrad/
run_id=8ff90e67-06d0-42bb-ab27-83f3eb90edb5 customer_id=11 run_type=weekly stage=page_fetch status=success status_code=200 url=https://www.djangoproject.com/weblog/2026/jan/15/dsf-member-of-the-month-omar-abou-mrad/
run_id=8ff90e67-06d0-42bb-ab27-83f3eb90edb5 customer_id=11 progress=3/30 run_type=weekly stage=page_fetch status=fetching url=https://www.djangoproject.com/weblog/2026/jan/06/bugfix-releases/
run_id=8ff90e67-06d0-42bb-ab27-83f3eb90edb5 customer_id=11 run_type=weekly stage=page_fetch status=success status_code=200 url=https://www.djangoproject.com/weblog/2026/jan/06/bugfix-releases/
run_id=8ff90e67-06d0-42bb-ab27-83f3eb90edb5 customer_id=11 progress=4/30 run_type=weekly stage=page_fetch status=fetching url=https://www.djangoproject.com/weblog/2025/dec/31/dsf-member-of-the-month-clifford-gama/
run_id=8ff90e67-06d0-42bb-ab27-83f3eb90edb5 customer_id=11 run_type=weekly stage=page_fetch status=success status_code=200 url=https://www.djangoproject.com/weblog/2025/dec/31/dsf-member-of-the-month-clifford-gama/
run_id=8ff90e67-06d0-42bb-ab27-83f3eb90edb5 customer_id=11 progress=5/30 run_type=weekly stage=page_fetch status=fetching url=https://www.djangoproject.com/weblog/2025/dec/18/hitting-the-home-stretch-help-us-reach-the-django/
run_id=8ff90e67-06d0-42bb-ab27-83f3eb90edb5 customer_id=11 run_type=weekly stage=page_fetch status=success status_code=200 url=https://www.djangoproject.com/weblog/2025/dec/18/hitting-the-home-stretch-help-us-reach-the-django/
run_id=8ff90e67-06d0-42bb-ab27-83f3eb90edb5 customer_id=11 progress=6/30 run_type=weekly stage=page_fetch status=fetching url=https://www.djangoproject.com/weblog/2025/dec/18/introducing-the-2026-dsf-board/
run_id=8ff90e67-06d0-42bb-ab27-83f3eb90edb5 customer_id=11 run_type=weekly stage=page_fetch status=success status_code=200 url=https://www.djangoproject.com/weblog/2025/dec/18/introducing-the-2026-dsf-board/
run_id=8ff90e67-06d0-42bb-ab27-83f3eb90edb5 customer_id=11 progress=7/30 run_type=weekly stage=page_fetch status=fetching url=https://www.djangoproject.com/weblog/2025/dec/11/django-code-of-conduct-transparency-report-2025/
run_id=8ff90e67-06d0-42bb-ab27-83f3eb90edb5 customer_id=11 run_type=weekly stage=page_fetch status=success status_code=200 url=https://www.djangoproject.com/weblog/2025/dec/11/django-code-of-conduct-transparency-report-2025/
run_id=8ff90e67-06d0-42bb-ab27-83f3eb90edb5 customer_id=11 progress=8/30 run_type=weekly stage=page_fetch status=fetching url=https://www.djangoproject.com/weblog/2025/dec/09/online-community-working-group-github-repo-and-pro/
run_id=8ff90e67-06d0-42bb-ab27-83f3eb90edb5 customer_id=11 error=HTTP 429 error_type=http_4xx run_type=weekly stage=page_fetch status=error status_code=429 url=https://www.djangoproject.com/weblog/2025/dec/09/online-community-working-group-github-repo-and-pro/
run_id=8ff90e67-06d0-42bb-ab27-83f3eb90edb5 customer_id=11 progress=9/30 run_type=weekly stage=page_fetch status=fetching url=https://www.djangoproject.com/weblog/2025/dec/03/django-60-released/
run_id=8ff90e67-06d0-42bb-ab27-83f3eb90edb5 customer_id=11 run_type=weekly stage=page_fetch status=success status_code=200 url=https://www.djangoproject.com/weblog/2025/dec/03/django-60-released/
run_id=8ff90e67-06d0-42bb-ab27-83f3eb90edb5 customer_id=11 progress=10/30 run_type=weekly stage=page_fetch status=fetching url=https://www.djangoproject.com/weblog/2025/dec/02/security-releases/
run_id=8ff90e67-06d0-42bb-ab27-83f3eb90edb5 customer_id=11 error=HTTP 429 error_type=http_4xx run_type=weekly stage=page_fetch status=error status_code=429 url=https://www.djangoproject.com/weblog/2025/dec/02/security-releases/
run_id=8ff90e67-06d0-42bb-ab27-83f3eb90edb5 customer_id=11 progress=11/30 run_type=weekly stage=page_fetch status=fetching url=https://www.djangoproject.com/weblog/2025/nov/28/2026-dsf-board-election-results/
run_id=8ff90e67-06d0-42bb-ab27-83f3eb90edb5 customer_id=11 run_type=weekly stage=page_fetch status=success status_code=200 url=https://www.djangoproject.com/weblog/2025/nov/28/2026-dsf-board-election-results/
run_id=8ff90e67-06d0-42bb-ab27-83f3eb90edb5 customer_id=11 progress=12/30 run_type=weekly stage=page_fetch status=fetching url=https://www.djangoproject.com/weblog/2025/nov/21/dsf-member-of-the-month-akio-ogasahara/
run_id=8ff90e67-06d0-42bb-ab27-83f3eb90edb5 customer_id=11 error=HTTP 429 error_type=http_4xx run_type=weekly stage=page_fetch status=error status_code=429 url=https://www.djangoproject.com/weblog/2025/nov/21/dsf-member-of-the-month-akio-ogasahara/
run_id=8ff90e67-06d0-42bb-ab27-83f3eb90edb5 customer_id=11 progress=13/30 run_type=weekly stage=page_fetch status=fetching url=https://www.djangoproject.com/weblog/2025/nov/19/twenty-years-of-django-releases/
run_id=8ff90e67-06d0-42bb-ab27-83f3eb90edb5 customer_id=11 error=HTTP 429 error_type=http_4xx run_type=weekly stage=page_fetch status=error status_code=429 url=https://www.djangoproject.com/weblog/2025/nov/19/twenty-years-of-django-releases/
run_id=8ff90e67-06d0-42bb-ab27-83f3eb90edb5 customer_id=11 progress=14/30 run_type=weekly stage=page_fetch status=fetching url=https://www.djangoproject.com/weblog/2025/nov/19/django-60-rc-released/
run_id=8ff90e67-06d0-42bb-ab27-83f3eb90edb5 customer_id=11 run_type=weekly stage=page_fetch status=success status_code=200 url=https://www.djangoproject.com/weblog/2025/nov/19/django-60-rc-released/
run_id=8ff90e67-06d0-42bb-ab27-83f3eb90edb5 customer_id=11 progress=15/30 run_type=weekly stage=page_fetch status=fetching url=https://www.djangoproject.com/weblog/2025/nov/19/going-build-free-with-native-javascript-modules/
run_id=8ff90e67-06d0-42bb-ab27-83f3eb90edb5 customer_id=11 error=HTTP 429 error_type=http_4xx run_type=weekly stage=page_fetch status=error status_code=429 url=https://www.djangoproject.com/weblog/2025/nov/19/going-build-free-with-native-javascript-modules/
run_id=8ff90e67-06d0-42bb-ab27-83f3eb90edb5 customer_id=11 progress=16/30 run_type=weekly stage=page_fetch status=fetching url=https://www.djangoproject.com/weblog/2025/nov/07/django-at-pycon-fr-2025/
run_id=8ff90e67-06d0-42bb-ab27-83f3eb90edb5 customer_id=11 run_type=weekly stage=page_fetch status=success status_code=200 url=https://www.djangoproject.com/weblog/2025/nov/07/django-at-pycon-fr-2025/
run_id=8ff90e67-06d0-42bb-ab27-83f3eb90edb5 customer_id=11 progress=17/30 run_type=weekly stage=page_fetch status=fetching url=https://www.djangoproject.com/weblog/2025/nov/05/2026-dsf-board-candidates/
run_id=8ff90e67-06d0-42bb-ab27-83f3eb90edb5 customer_id=11 error=HTTP 429 error_type=http_4xx run_type=weekly stage=page_fetch status=error status_code=429 url=https://www.djangoproject.com/weblog/2025/nov/05/2026-dsf-board-candidates/
run_id=8ff90e67-06d0-42bb-ab27-83f3eb90edb5 customer_id=11 progress=18/30 run_type=weekly stage=page_fetch status=fetching url=https://www.djangoproject.com/weblog/2025/nov/05/security-releases/
run_id=8ff90e67-06d0-42bb-ab27-83f3eb90edb5 customer_id=11 run_type=weekly stage=page_fetch status=success status_code=200 url=https://www.djangoproject.com/weblog/2025/nov/05/security-releases/
run_id=8ff90e67-06d0-42bb-ab27-83f3eb90edb5 customer_id=11 progress=19/30 run_type=weekly stage=page_fetch status=fetching url=https://www.djangoproject.com/weblog/2025/nov/03/announcing-djangocon-europe-2026-in-athens-greece/
run_id=8ff90e67-06d0-42bb-ab27-83f3eb90edb5 customer_id=11 error=HTTP 429 error_type=http_4xx run_type=weekly stage=page_fetch status=error status_code=429 url=https://www.djangoproject.com/weblog/2025/nov/03/announcing-djangocon-europe-2026-in-athens-greece/
run_id=8ff90e67-06d0-42bb-ab27-83f3eb90edb5 customer_id=11 progress=20/30 run_type=weekly stage=page_fetch status=fetching url=https://www.djangoproject.com/weblog/2025/nov/02/five-ways-to-discover-django-packages/
run_id=8ff90e67-06d0-42bb-ab27-83f3eb90edb5 customer_id=11 error=HTTP 429 error_type=http_4xx run_type=weekly stage=page_fetch status=error status_code=429 url=https://www.djangoproject.com/weblog/2025/nov/02/five-ways-to-discover-django-packages/
run_id=8ff90e67-06d0-42bb-ab27-83f3eb90edb5 customer_id=11 progress=21/30 run_type=weekly stage=page_fetch status=fetching url=https://www.djangoproject.com/weblog/2025/oct/31/django-developers-survey-2025-results/
run_id=8ff90e67-06d0-42bb-ab27-83f3eb90edb5 customer_id=11 run_type=weekly stage=page_fetch status=success status_code=200 url=https://www.djangoproject.com/weblog/2025/oct/31/django-developers-survey-2025-results/
run_id=8ff90e67-06d0-42bb-ab27-83f3eb90edb5 customer_id=11 progress=22/30 run_type=weekly stage=page_fetch status=fetching url=https://www.djangoproject.com/weblog/2025/oct/30/django-is-now-a-cve-numbering-authority-cna/
run_id=8ff90e67-06d0-42bb-ab27-83f3eb90edb5 customer_id=11 error=HTTP 429 error_type=http_4xx run_type=weekly stage=page_fetch status=error status_code=429 url=https://www.djangoproject.com/weblog/2025/oct/30/django-is-now-a-cve-numbering-authority-cna/
run_id=8ff90e67-06d0-42bb-ab27-83f3eb90edb5 customer_id=11 progress=23/30 run_type=weekly stage=page_fetch status=fetching url=https://www.djangoproject.com/weblog/2025/oct/30/dsf-member-of-the-month-anna-makarudze/
run_id=8ff90e67-06d0-42bb-ab27-83f3eb90edb5 customer_id=11 run_type=weekly stage=page_fetch status=success status_code=200 url=https://www.djangoproject.com/weblog/2025/oct/30/dsf-member-of-the-month-anna-makarudze/
run_id=8ff90e67-06d0-42bb-ab27-83f3eb90edb5 customer_id=11 progress=24/30 run_type=weekly stage=page_fetch status=fetching url=https://www.djangoproject.com/weblog/2025/oct/25/on-the-air-20th-birthday-special-event-station-w2d/
run_id=8ff90e67-06d0-42bb-ab27-83f3eb90edb5 customer_id=11 error=HTTP 429 error_type=http_4xx run_type=weekly stage=page_fetch status=error status_code=429 url=https://www.djangoproject.com/weblog/2025/oct/25/on-the-air-20th-birthday-special-event-station-w2d/
run_id=8ff90e67-06d0-42bb-ab27-83f3eb90edb5 customer_id=11 progress=25/30 run_type=weekly stage=page_fetch status=fetching url=https://www.djangoproject.com/weblog/2025/oct/23/pycharm-django-annual-fundraiser/
run_id=8ff90e67-06d0-42bb-ab27-83f3eb90edb5 customer_id=11 error=HTTP 429 error_type=http_4xx run_type=weekly stage=page_fetch status=error status_code=429 url=https://www.djangoproject.com/weblog/2025/oct/23/pycharm-django-annual-fundraiser/
run_id=8ff90e67-06d0-42bb-ab27-83f3eb90edb5 customer_id=11 progress=26/30 run_type=weekly stage=page_fetch status=fetching url=https://www.djangoproject.com/weblog/2025/oct/22/django-60-beta-released/
run_id=8ff90e67-06d0-42bb-ab27-83f3eb90edb5 customer_id=11 run_type=weekly stage=page_fetch status=success status_code=200 url=https://www.djangoproject.com/weblog/2025/oct/22/django-60-beta-released/
run_id=8ff90e67-06d0-42bb-ab27-83f3eb90edb5 customer_id=11 progress=27/30 run_type=weekly stage=page_fetch status=fetching url=https://www.djangoproject.com/weblog/2025/oct/11/2026-dsf-board-nominations/
run_id=8ff90e67-06d0-42bb-ab27-83f3eb90edb5 customer_id=11 error=HTTP 429 error_type=http_4xx run_type=weekly stage=page_fetch status=error status_code=429 url=https://www.djangoproject.com/weblog/2025/oct/11/2026-dsf-board-nominations/
run_id=8ff90e67-06d0-42bb-ab27-83f3eb90edb5 customer_id=11 progress=28/30 run_type=weekly stage=page_fetch status=fetching url=https://www.djangoproject.com/weblog/2025/oct/10/malcolm-prize-awarded-to-tim-schilling/
run_id=8ff90e67-06d0-42bb-ab27-83f3eb90edb5 customer_id=11 run_type=weekly stage=page_fetch status=success status_code=200 url=https://www.djangoproject.com/weblog/2025/oct/10/malcolm-prize-awarded-to-tim-schilling/
run_id=8ff90e67-06d0-42bb-ab27-83f3eb90edb5 customer_id=11 progress=29/30 run_type=weekly stage=page_fetch status=fetching url=https://www.djangoproject.com/weblog/2025/oct/01/security-releases/
run_id=8ff90e67-06d0-42bb-ab27-83f3eb90edb5 customer_id=11 error=HTTP 429 error_type=http_4xx run_type=weekly stage=page_fetch status=error status_code=429 url=https://www.djangoproject.com/weblog/2025/oct/01/security-releases/
run_id=8ff90e67-06d0-42bb-ab27-83f3eb90edb5 customer_id=11 progress=30/30 run_type=weekly stage=page_fetch status=fetching url=https://www.djangoproject.com/weblog/2025/sep/21/sarah-boyce-maternity-leave-announcement/
run_id=8ff90e67-06d0-42bb-ab27-83f3eb90edb5 customer_id=11 run_type=weekly stage=page_fetch status=success status_code=200 url=https://www.djangoproject.com/weblog/2025/sep/21/sarah-boyce-maternity-leave-announcement/
run_id=8ff90e67-06d0-42bb-ab27-83f3eb90edb5 customer_id=11 error_count=13 fetched_count=30 run_type=weekly stage=page_fetch status=complete success_count=17
run_id=8ff90e67-06d0-42bb-ab27-83f3eb90edb5 customer_id=11 fetched_count=30 run_type=weekly stage=fetch_complete status=info success_count=17 total_urls=927
run_id=8ff90e67-06d0-42bb-ab27-83f3eb90edb5 customer_id=11 stage=detect_404s status=start
run_id=8ff90e67-06d0-42bb-ab27-83f3eb90edb5 customer_id=11 run_type=weekly stage=detect_404s status=complete total_404s=0
run_id=8ff90e67-06d0-42bb-ab27-83f3eb90edb5 customer_id=11 elapsed_ms=0 stage=detect_404s status=complete
run_id=8ff90e67-06d0-42bb-ab27-83f3eb90edb5 customer_id=11 stage=detect_broken_links status=start
run_id=8ff90e67-06d0-42bb-ab27-83f3eb90edb5 customer_id=11 elapsed_ms=0 stage=detect_broken_links status=complete
run_id=8ff90e67-06d0-42bb-ab27-83f3eb90edb5 customer_id=11 elapsed_ms=11753 stage=process_customer status=complete
SUMMARY run_id=8ff90e67-06d0-42bb-ab27-83f3eb90edb5 run_type=weekly total_customers=11 succeeded=11 failed=0 elapsed_ms=16369
