run_id=f14ce12c-807d-47c7-b70c-12df200a62ee run_type=weekly stage=init status=start
run_id=f14ce12c-807d-47c7-b70c-12df200a62ee message=Mailgun not configured, emails will be skipped stage=init status=info
run_id=f14ce12c-807d-47c7-b70c-12df200a62ee customer_count=13 stage=init status=complete
run_id=f14ce12c-807d-47c7-b70c-12df200a62ee customer_id=1 stage=process_customer status=start
run_id=f14ce12c-807d-47c7-b70c-12df200a62ee customer_id=1 reason=No sitemap_url configured run_type=weekly stage=skip_customer status=info
run_id=f14ce12c-807d-47c7-b70c-12df200a62ee customer_id=1 elapsed_ms=0 stage=process_customer status=complete
run_id=f14ce12c-807d-47c7-b70c-12df200a62ee customer_id=2 stage=process_customer status=start
run_id=f14ce12c-807d-47c7-b70c-12df200a62ee customer_id=2 reason=No sitemap_url configured run_type=weekly stage=skip_customer status=info
run_id=f14ce12c-807d-47c7-b70c-12df200a62ee customer_id=2 elapsed_ms=0 stage=process_customer status=complete
run_id=f14ce12c-807d-47c7-b70c-12df200a62ee customer_id=3 stage=process_customer status=start
run_id=f14ce12c-807d-47c7-b70c-12df200a62ee customer_id=3 reason=No sitemap_url configured run_type=weekly stage=skip_customer status=info
run_id=f14ce12c-807d-47c7-b70c-12df200a62ee customer_id=3 elapsed_ms=0 stage=process_customer status=complete
run_id=f14ce12c-807d-47c7-b70c-12df200a62ee customer_id=4 stage=process_customer status=start
run_id=f14ce12c-807d-47c7-b70c-12df200a62ee customer_id=4 reason=No sitemap_url configured run_type=weekly stage=skip_customer status=info
run_id=f14ce12c-807d-47c7-b70c-12df200a62ee customer_id=4 elapsed_ms=0 stage=process_customer status=complete
run_id=f14ce12c-807d-47c7-b70c-12df200a62ee customer_id=5 stage=process_customer status=start
run_id=f14ce12c-807d-47c7-b70c-12df200a62ee customer_id=5 reason=No sitemap_url configured run_type=weekly stage=skip_customer status=info
run_id=f14ce12c-807d-47c7-b70c-12df200a62ee customer_id=5 elapsed_ms=0 stage=process_customer status=complete
run_id=f14ce12c-807d-47c7-b70c-12df200a62ee customer_id=6 stage=process_customer status=start
run_id=f14ce12c-807d-47c7-b70c-12df200a62ee customer_id=6 reason=No sitemap_url configured run_type=weekly stage=skip_customer status=info
run_id=f14ce12c-807d-47c7-b70c-12df200a62ee customer_id=6 elapsed_ms=0 stage=process_customer status=complete
run_id=f14ce12c-807d-47c7-b70c-12df200a62ee customer_id=7 stage=process_customer status=start
run_id=f14ce12c-807d-47c7-b70c-12df200a62ee customer_id=7 reason=No sitemap_url configured run_type=weekly stage=skip_customer status=info
run_id=f14ce12c-807d-47c7-b70c-12df200a62ee customer_id=7 elapsed_ms=0 stage=process_customer status=complete
run_id=f14ce12c-807d-47c7-b70c-12df200a62ee customer_id=8 stage=process_customer status=start
run_id=f14ce12c-807d-47c7-b70c-12df200a62ee customer_id=8 reason=No sitemap_url configured run_type=weekly stage=skip_customer status=info
run_id=f14ce12c-807d-47c7-b70c-12df200a62ee customer_id=8 elapsed_ms=0 stage=process_customer status=complete
run_id=f14ce12c-807d-47c7-b70c-12df200a62ee customer_id=9 stage=process_customer status=start
run_id=f14ce12c-807d-47c7-b70c-12df200a62ee customer_id=9 stage=fetch_sitemap status=start
run_id=f14ce12c-807d-47c7-b70c-12df200a62ee customer_id=9 elapsed_ms=92 stage=fetch_sitemap status=complete
run_id=f14ce12c-807d-47c7-b70c-12df200a62ee crawl_limit=50 customer_id=9 run_type=weekly stage=page_fetch status=start total_urls=7
run_id=f14ce12c-807d-47c7-b70c-12df200a62ee customer_id=9 progress=1/7 run_type=weekly stage=page_fetch status=fetching url=https://alldonesites.com/
run_id=f14ce12c-807d-47c7-b70c-12df200a62ee customer_id=9 run_type=weekly stage=page_fetch status=success status_code=200 url=https://alldonesites.com/
run_id=f14ce12c-807d-47c7-b70c-12df200a62ee customer_id=9 progress=2/7 run_type=weekly stage=page_fetch status=fetching url=https://alldonesites.com/how-it-works
run_id=f14ce12c-807d-47c7-b70c-12df200a62ee customer_id=9 run_type=weekly stage=page_fetch status=success status_code=200 url=https://alldonesites.com/how-it-works
run_id=f14ce12c-807d-47c7-b70c-12df200a62ee customer_id=9 progress=3/7 run_type=weekly stage=page_fetch status=fetching url=https://alldonesites.com/pricing
run_id=f14ce12c-807d-47c7-b70c-12df200a62ee customer_id=9 run_type=weekly stage=page_fetch status=success status_code=200 url=https://alldonesites.com/pricing
run_id=f14ce12c-807d-47c7-b70c-12df200a62ee customer_id=9 progress=4/7 run_type=weekly stage=page_fetch status=fetching url=https://alldonesites.com/portfolio
run_id=f14ce12c-807d-47c7-b70c-12df200a62ee customer_id=9 run_type=weekly stage=page_fetch status=success status_code=200 url=https://alldonesites.com/portfolio
run_id=f14ce12c-807d-47c7-b70c-12df200a62ee customer_id=9 progress=5/7 run_type=weekly stage=page_fetch status=fetching url=https://alldonesites.com/faq
run_id=f14ce12c-807d-47c7-b70c-12df200a62ee customer_id=9 run_type=weekly stage=page_fetch status=success status_code=200 url=https://alldonesites.com/faq
run_id=f14ce12c-807d-47c7-b70c-12df200a62ee customer_id=9 progress=6/7 run_type=weekly stage=page_fetch status=fetching url=https://alldonesites.com/contact
run_id=f14ce12c-807d-47c7-b70c-12df200a62ee customer_id=9 run_type=weekly stage=page_fetch status=success status_code=200 url=https://alldonesites.com/contact
run_id=f14ce12c-807d-47c7-b70c-12df200a62ee customer_id=9 progress=7/7 run_type=weekly stage=page_fetch status=fetching url=https://alldonesites.com/contact-enterprise
run_id=f14ce12c-807d-47c7-b70c-12df200a62ee customer_id=9 run_type=weekly stage=page_fetch status=success status_code=200 url=https://alldonesites.com/contact-enterprise
run_id=f14ce12c-807d-47c7-b70c-12df200a62ee customer_id=9 error_count=0 fetched_count=7 run_type=weekly stage=page_fetch status=complete success_count=7
run_id=f14ce12c-807d-47c7-b70c-12df200a62ee customer_id=9 fetched_count=7 run_type=weekly stage=fetch_complete status=info success_count=7 total_urls=7
run_id=f14ce12c-807d-47c7-b70c-12df200a62ee customer_id=9 stage=detect_404s status=start
run_id=f14ce12c-807d-47c7-b70c-12df200a62ee customer_id=9 run_type=weekly stage=detect_404s status=complete total_404s=0
run_id=f14ce12c-807d-47c7-b70c-12df200a62ee customer_id=9 elapsed_ms=0 stage=detect_404s status=complete
run_id=f14ce12c-807d-47c7-b70c-12df200a62ee customer_id=9 stage=detect_broken_links status=start
run_id=f14ce12c-807d-47c7-b70c-12df200a62ee customer_id=9 elapsed_ms=0 stage=detect_broken_links status=complete
run_id=f14ce12c-807d-47c7-b70c-12df200a62ee customer_id=9 elapsed_ms=2134 stage=process_customer status=complete
run_id=f14ce12c-807d-47c7-b70c-12df200a62ee customer_id=10 stage=process_customer status=start
run_id=f14ce12c-807d-47c7-b70c-12df200a62ee customer_id=10 stage=fetch_sitemap status=start
run_id=f14ce12c-807d-47c7-b70c-12df200a62ee customer_id=10 elapsed_ms=79 stage=fetch_sitemap status=complete
run_id=f14ce12c-807d-47c7-b70c-12df200a62ee crawl_limit=30 customer_id=10 run_type=weekly stage=page_fetch status=start total_urls=6
run_id=f14ce12c-807d-47c7-b70c-12df200a62ee customer_id=10 progress=1/6 run_type=weekly stage=page_fetch status=fetching url=https://www.cesnet.co.za/
run_id=f14ce12c-807d-47c7-b70c-12df200a62ee customer_id=10 run_type=weekly stage=page_fetch status=success status_code=200 url=https://www.cesnet.co.za/
run_id=f14ce12c-807d-47c7-b70c-12df200a62ee customer_id=10 progress=2/6 run_type=weekly stage=page_fetch status=fetching url=https://www.cesnet.co.za/vacancies
run_id=f14ce12c-807d-47c7-b70c-12df200a62ee customer_id=10 run_type=weekly stage=page_fetch status=success status_code=200 url=https://www.cesnet.co.za/vacancies
run_id=f14ce12c-807d-47c7-b70c-12df200a62ee customer_id=10 progress=3/6 run_type=weekly stage=page_fetch status=fetching url=https://www.cesnet.co.za/company-profile
run_id=f14ce12c-807d-47c7-b70c-12df200a62ee customer_id=10 run_type=weekly stage=page_fetch status=success status_code=200 url=https://www.cesnet.co.za/company-profile
run_id=f14ce12c-807d-47c7-b70c-12df200a62ee customer_id=10 progress=4/6 run_type=weekly stage=page_fetch status=fetching url=https://www.cesnet.co.za/social-responsibility
run_id=f14ce12c-807d-47c7-b70c-12df200a62ee customer_id=10 run_type=weekly stage=page_fetch status=success status_code=200 url=https://www.cesnet.co.za/social-responsibility
run_id=f14ce12c-807d-47c7-b70c-12df200a62ee customer_id=10 progress=5/6 run_type=weekly stage=page_fetch status=fetching url=https://www.cesnet.co.za/popi-disclaimer
run_id=f14ce12c-807d-47c7-b70c-12df200a62ee customer_id=10 run_type=weekly stage=page_fetch status=success status_code=200 url=https://www.cesnet.co.za/popi-disclaimer
run_id=f14ce12c-807d-47c7-b70c-12df200a62ee customer_id=10 progress=6/6 run_type=weekly stage=page_fetch status=fetching url=https://www.cesnet.co.za/lderes-especialistas-em-servios-de-consultoria-ambiental-e-social
run_id=f14ce12c-807d-47c7-b70c-12df200a62ee customer_id=10 run_type=weekly stage=page_fetch status=success status_code=200 url=https://www.cesnet.co.za/lderes-especialistas-em-servios-de-consultoria-ambiental-e-social
run_id=f14ce12c-807d-47c7-b70c-12df200a62ee customer_id=10 error_count=0 fetched_count=6 run_type=weekly stage=page_fetch status=complete success_count=6
run_id=f14ce12c-807d-47c7-b70c-12df200a62ee customer_id=10 fetched_count=6 run_type=weekly stage=fetch_complete status=info success_count=6 total_urls=6
run_id=f14ce12c-807d-47c7-b70c-12df200a62ee customer_id=10 stage=detect_404s status=start
run_id=f14ce12c-807d-47c7-b70c-12df200a62ee customer_id=10 run_type=weekly stage=detect_404s status=complete total_404s=0
run_id=f14ce12c-807d-47c7-b70c-12df200a62ee customer_id=10 elapsed_ms=0 stage=detect_404s status=complete
run_id=f14ce12c-807d-47c7-b70c-12df200a62ee customer_id=10 stage=detect_broken_links status=start
run_id=f14ce12c-807d-47c7-b70c-12df200a62ee customer_id=10 elapsed_ms=0 stage=detect_broken_links status=complete
run_id=f14ce12c-807d-47c7-b70c-12df200a62ee customer_id=10 elapsed_ms=650 stage=process_customer status=complete
run_id=f14ce12c-807d-47c7-b70c-12df200a62ee customer_id=11 stage=process_customer status=start
run_id=f14ce12c-807d-47c7-b70c-12df200a62ee customer_id=11 stage=fetch_sitemap status=start
run_id=f14ce12c-807d-47c7-b70c-12df200a62ee customer_id=11 elapsed_ms=216 stage=fetch_sitemap status=complete
run_id=f14ce12c-807d-47c7-b70c-12df200a62ee crawl_limit=30 customer_id=11 run_type=weekly stage=page_fetch status=start total_urls=927
run_id=f14ce12c-807d-47c7-b70c-12df200a62ee customer_id=11 progress=1/30 run_type=weekly stage=page_fetch status=fetching url=https://www.djangoproject.com/weblog/2026/jan/21/djangonaut-space-session-6-accepting-applications/
run_id=f14ce12c-807d-47c7-b70c-12df200a62ee customer_id=11 run_type=weekly stage=page_fetch status=success status_code=200 url=https://www.djangoproject.com/weblog/2026/jan/21/djangonaut-space-session-6-accepting-applications/
run_id=f14ce12c-807d-47c7-b70c-12df200a62ee customer_id=11 progress=2/30 run_type=weekly stage=page_fetch status=fetching url=https://www.djangoproject.com/weblog/2026/jan/15/dsf-member-of-the-month-omar-abou-mrad/
run_id=f14ce12c-807d-47c7-b70c-12df200a62ee customer_id=11 run_type=weekly stage=page_fetch status=success status_code=200 url=https://www.djangoproject.com/weblog/2026/jan/15/dsf-member-of-the-month-omar-abou-mrad/
run_id=f14ce12c-807d-47c7-b70c-12df200a62ee customer_id=11 progress=3/30 run_type=weekly stage=page_fetch status=fetching url=https://www.djangoproject.com/weblog/2026/jan/06/bugfix-releases/
run_id=f14ce12c-807d-47c7-b70c-12df200a62ee customer_id=11 run_type=weekly stage=page_fetch status=success status_code=200 url=https://www.djangoproject.com/weblog/2026/jan/06/bugfix-releases/
run_id=f14ce12c-807d-47c7-b70c-12df200a62ee customer_id=11 progress=4/30 run_type=weekly stage=page_fetch status=fetching url=https://www.djangoproject.com/weblog/2025/dec/31/dsf-member-of-the-month-clifford-gama/
run_id=f14ce12c-807d-47c7-b70c-12df200a62ee customer_id=11 run_type=weekly stage=page_fetch status=success status_code=200 url=https://www.djangoproject.com/weblog/2025/dec/31/dsf-member-of-the-month-clifford-gama/
run_id=f14ce12c-807d-47c7-b70c-12df200a62ee customer_id=11 progress=5/30 run_type=weekly stage=page_fetch status=fetching url=https://www.djangoproject.com/weblog/2025/dec/18/hitting-the-home-stretch-help-us-reach-the-django/
run_id=f14ce12c-807d-47c7-b70c-12df200a62ee customer_id=11 run_type=weekly stage=page_fetch status=success status_code=200 url=https://www.djangoproject.com/weblog/2025/dec/18/hitting-the-home-stretch-help-us-reach-the-django/
run_id=f14ce12c-807d-47c7-b70c-12df200a62ee customer_id=11 progress=6/30 run_type=weekly stage=page_fetch status=fetching url=https://www.djangoproject.com/weblog/2025/dec/18/introducing-the-2026-dsf-board/
run_id=f14ce12c-807d-47c7-b70c-12df200a62ee customer_id=11 run_type=weekly stage=page_fetch status=success status_code=200 url=https://www.djangoproject.com/weblog/2025/dec/18/introducing-the-2026-dsf-board/
run_id=f14ce12c-807d-47c7-b70c-12df200a62ee customer_id=11 progress=7/30 run_type=weekly stage=page_fetch status=fetching url=https://www.djangoproject.com/weblog/2025/dec/11/django-code-of-conduct-transparency-report-2025/
run_id=f14ce12c-807d-47c7-b70c-12df200a62ee customer_id=11 run_type=weekly stage=page_fetch status=success status_code=200 url=https://www.djangoproject.com/weblog/2025/dec/11/django-code-of-conduct-transparency-report-2025/
run_id=f14ce12c-807d-47c7-b70c-12df200a62ee customer_id=11 progress=8/30 run_type=weekly stage=page_fetch status=fetching url=https://www.djangoproject.com/weblog/2025/dec/09/online-community-working-group-github-repo-and-pro/
run_id=f14ce12c-807d-47c7-b70c-12df200a62ee customer_id=11 error=HTTP 429 error_type=http_4xx run_type=weekly stage=page_fetch status=error status_code=429 url=https://www.djangoproject.com/weblog/2025/dec/09/online-community-working-group-github-repo-and-pro/
run_id=f14ce12c-807d-47c7-b70c-12df200a62ee customer_id=11 progress=9/30 run_type=weekly stage=page_fetch status=fetching url=https://www.djangoproject.com/weblog/2025/dec/03/django-60-released/
run_id=f14ce12c-807d-47c7-b70c-12df200a62ee customer_id=11 run_type=weekly stage=page_fetch status=success status_code=200 url=https://www.djangoproject.com/weblog/2025/dec/03/django-60-released/
run_id=f14ce12c-807d-47c7-b70c-12df200a62ee customer_id=11 progress=10/30 run_type=weekly stage=page_fetch status=fetching url=https://www.djangoproject.com/weblog/2025/dec/02/security-releases/
run_id=f14ce12c-807d-47c7-b70c-12df200a62ee customer_id=11 error=HTTP 429 error_type=http_4xx run_type=weekly stage=page_fetch status=error status_code=429 url=https://www.djangoproject.com/weblog/2025/dec/02/security-releases/
run_id=f14ce12c-807d-47c7-b70c-12df200a62ee customer_id=11 progress=11/30 run_type=weekly stage=page_fetch status=fetching url=https://www.djangoproject.com/weblog/2025/nov/28/2026-dsf-board-election-results/
run_id=f14ce12c-807d-47c7-b70c-12df200a62ee customer_id=11 run_type=weekly stage=page_fetch status=success status_code=200 url=https://www.djangoproject.com/weblog/2025/nov/28/2026-dsf-board-election-results/
run_id=f14ce12c-807d-47c7-b70c-12df200a62ee customer_id=11 progress=12/30 run_type=weekly stage=page_fetch status=fetching url=https://www.djangoproject.com/weblog/2025/nov/21/dsf-member-of-the-month-akio-ogasahara/
run_id=f14ce12c-807d-47c7-b70c-12df200a62ee customer_id=11 error=HTTP 429 error_type=http_4xx run_type=weekly stage=page_fetch status=error status_code=429 url=https://www.djangoproject.com/weblog/2025/nov/21/dsf-member-of-the-month-akio-ogasahara/
run_id=f14ce12c-807d-47c7-b70c-12df200a62ee customer_id=11 progress=13/30 run_type=weekly stage=page_fetch status=fetching url=https://www.djangoproject.com/weblog/2025/nov/19/twenty-years-of-django-releases/
run_id=f14ce12c-807d-47c7-b70c-12df200a62ee customer_id=11 run_type=weekly stage=page_fetch status=success status_code=200 url=https://www.djangoproject.com/weblog/2025/nov/19/twenty-years-of-django-releases/
run_id=f14ce12c-807d-47c7-b70c-12df200a62ee customer_id=11 progress=14/30 run_type=weekly stage=page_fetch status=fetching url=https://www.djangoproject.com/weblog/2025/nov/19/django-60-rc-released/
run_id=f14ce12c-807d-47c7-b70c-12df200a62ee customer_id=11 error=HTTP 429 error_type=http_4xx run_type=weekly stage=page_fetch status=error status_code=429 url=https://www.djangoproject.com/weblog/2025/nov/19/django-60-rc-released/
run_id=f14ce12c-807d-47c7-b70c-12df200a62ee customer_id=11 progress=15/30 run_type=weekly stage=page_fetch status=fetching url=https://www.djangoproject.com/weblog/2025/nov/19/going-build-free-with-native-javascript-modules/
run_id=f14ce12c-807d-47c7-b70c-12df200a62ee customer_id=11 run_type=weekly stage=page_fetch status=success status_code=200 url=https://www.djangoproject.com/weblog/2025/nov/19/going-build-free-with-native-javascript-modules/
run_id=f14ce12c-807d-47c7-b70c-12df200a62ee customer_id=11 progress=16/30 run_type=weekly stage=page_fetch status=fetching url=https://www.djangoproject.com/weblog/2025/nov/07/django-at-pycon-fr-2025/
run_id=f14ce12c-807d-47c7-b70c-12df200a62ee customer_id=11 error=HTTP 429 error_type=http_4xx run_type=weekly stage=page_fetch status=error status_code=429 url=https://www.djangoproject.com/weblog/2025/nov/07/django-at-pycon-fr-2025/
run_id=f14ce12c-807d-47c7-b70c-12df200a62ee customer_id=11 progress=17/30 run_type=weekly stage=page_fetch status=fetching url=https://www.djangoproject.com/weblog/2025/nov/05/2026-dsf-board-candidates/
run_id=f14ce12c-807d-47c7-b70c-12df200a62ee customer_id=11 run_type=weekly stage=page_fetch status=success status_code=200 url=https://www.djangoproject.com/weblog/2025/nov/05/2026-dsf-board-candidates/
run_id=f14ce12c-807d-47c7-b70c-12df200a62ee customer_id=11 progress=18/30 run_type=weekly stage=page_fetch status=fetching url=https://www.djangoproject.com/weblog/2025/nov/05/security-releases/
run_id=f14ce12c-807d-47c7-b70c-12df200a62ee customer_id=11 error=HTTP 429 error_type=http_4xx run_type=weekly stage=page_fetch status=error status_code=429 url=https://www.djangoproject.com/weblog/2025/nov/05/security-releases/
run_id=f14ce12c-807d-47c7-b70c-12df200a62ee customer_id=11 progress=19/30 run_type=weekly stage=page_fetch status=fetching url=https://www.djangoproject.com/weblog/2025/nov/03/announcing-djangocon-europe-2026-in-athens-greece/
run_id=f14ce12c-807d-47c7-b70c-12df200a62ee customer_id=11 run_type=weekly stage=page_fetch status=success status_code=200 url=https://www.djangoproject.com/weblog/2025/nov/03/announcing-djangocon-europe-2026-in-athens-greece/
run_id=f14ce12c-807d-47c7-b70c-12df200a62ee customer_id=11 progress=20/30 run_type=weekly stage=page_fetch status=fetching url=https://www.djangoproject.com/weblog/2025/nov/02/five-ways-to-discover-django-packages/
run_id=f14ce12c-807d-47c7-b70c-12df200a62ee customer_id=11 error=HTTP 429 error_type=http_4xx run_type=weekly stage=page_fetch status=error status_code=429 url=https://www.djangoproject.com/weblog/2025/nov/02/five-ways-to-discover-django-packages/
run_id=f14ce12c-807d-47c7-b70c-12df200a62ee customer_id=11 progress=21/30 run_type=weekly stage=page_fetch status=fetching url=https://www.djangoproject.com/weblog/2025/oct/31/django-developers-survey-2025-results/
run_id=f14ce12c-807d-47c7-b70c-12df200a62ee customer_id=11 error=HTTP 429 error_type=http_4xx run_type=weekly stage=page_fetch status=error status_code=429 url=https://www.djangoproject.com/weblog/2025/oct/31/django-developers-survey-2025-results/
run_id=f14ce12c-807d-47c7-b70c-12df200a62ee customer_id=11 progress=22/30 run_type=weekly stage=page_fetch status=fetching url=https://www.djangoproject.com/weblog/2025/oct/30/django-is-now-a-cve-numbering-authority-cna/
run_id=f14ce12c-807d-47c7-b70c-12df200a62ee customer_id=11 run_type=weekly stage=page_fetch status=success status_code=200 url=https://www.djangoproject.com/weblog/2025/oct/30/django-is-now-a-cve-numbering-authority-cna/
run_id=f14ce12c-807d-47c7-b70c-12df200a62ee customer_id=11 progress=23/30 run_type=weekly stage=page_fetch status=fetching url=https://www.djangoproject.com/weblog/2025/oct/30/dsf-member-of-the-month-anna-makarudze/
run_id=f14ce12c-807d-47c7-b70c-12df200a62ee customer_id=11 error=HTTP 429 error_type=http_4xx run_type=weekly stage=page_fetch status=error status_code=429 url=https://www.djangoproject.com/weblog/2025/oct/30/dsf-member-of-the-month-anna-makarudze/
run_id=f14ce12c-807d-47c7-b70c-12df200a62ee customer_id=11 progress=24/30 run_type=weekly stage=page_fetch status=fetching url=https://www.djangoproject.com/weblog/2025/oct/25/on-the-air-20th-birthday-special-event-station-w2d/
run_id=f14ce12c-807d-47c7-b70c-12df200a62ee customer_id=11 run_type=weekly stage=page_fetch status=success status_code=200 url=https://www.djangoproject.com/weblog/2025/oct/25/on-the-air-20th-birthday-special-event-station-w2d/
run_id=f14ce12c-807d-47c7-b70c-12df200a62ee customer_id=11 progress=25/30 run_type=weekly stage=page_fetch status=fetching url=https://www.djangoproject.com/weblog/2025/oct/23/pycharm-django-annual-fundraiser/
run_id=f14ce12c-807d-47c7-b70c-12df200a62ee customer_id=11 error=HTTP 429 error_type=http_4xx run_type=weekly stage=page_fetch status=error status_code=429 url=https://www.djangoproject.com/weblog/2025/oct/23/pycharm-django-annual-fundraiser/
run_id=f14ce12c-807d-47c7-b70c-12df200a62ee customer_id=11 progress=26/30 run_type=weekly stage=page_fetch status=fetching url=https://www.djangoproject.com/weblog/2025/oct/22/django-60-beta-released/
run_id=f14ce12c-807d-47c7-b70c-12df200a62ee customer_id=11 run_type=weekly stage=page_fetch status=success status_code=200 url=https://www.djangoproject.com/weblog/2025/oct/22/django-60-beta-released/
run_id=f14ce12c-807d-47c7-b70c-12df200a62ee customer_id=11 progress=27/30 run_type=weekly stage=page_fetch status=fetching url=https://www.djangoproject.com/weblog/2025/oct/11/2026-dsf-board-nominations/
run_id=f14ce12c-807d-47c7-b70c-12df200a62ee customer_id=11 error=HTTP 429 error_type=http_4xx run_type=weekly stage=page_fetch status=error status_code=429 url=https://www.djangoproject.com/weblog/2025/oct/11/2026-dsf-board-nominations/
run_id=f14ce12c-807d-47c7-b70c-12df200a62ee customer_id=11 progress=28/30 run_type=weekly stage=page_fetch status=fetching url=https://www.djangoproject.com/weblog/2025/oct/10/malcolm-prize-awarded-to-tim-schilling/
run_id=f14ce12c-807d-47c7-b70c-12df200a62ee customer_id=11 run_type=weekly stage=page_fetch status=success status_code=200 url=https://www.djangoproject.com/weblog/2025/oct/10/malcolm-prize-awarded-to-tim-schilling/
run_id=f14ce12c-807d-47c7-b70c-12df200a62ee customer_id=11 progress=29/30 run_type=weekly stage=page_fetch status=fetching url=https://www.djangoproject.com/weblog/2025/oct/01/security-releases/
run_id=f14ce12c-807d-47c7-b70c-12df200a62ee customer_id=11 error=HTTP 429 error_type=http_4xx run_type=weekly stage=page_fetch status=error status_code=429 url=https://www.djangoproject.com/weblog/2025/oct/01/security-releases/
run_id=f14ce12c-807d-47c7-b70c-12df200a62ee customer_id=11 progress=30/30 run_type=weekly stage=page_fetch status=fetching url=https://www.djangoproject.com/weblog/2025/sep/21/sarah-boyce-maternity-leave-announcement/
run_id=f14ce12c-807d-47c7-b70c-12df200a62ee customer_id=11 run_type=weekly stage=page_fetch status=success status_code=200 url=https://www.djangoproject.com/weblog/2025/sep/21/sarah-boyce-maternity-leave-announcement/
run_id=f14ce12c-807d-47c7-b70c-12df200a62ee customer_id=11 error_count=12 fetched_count=30 run_type=weekly stage=page_fetch status=complete success_count=18
run_id=f14ce12c-807d-47c7-b70c-12df200a62ee customer_id=11 fetched_count=30 run_type=weekly stage=fetch_complete status=info success_count=18 total_urls=927
run_id=f14ce12c-807d-47c7-b70c-12df200a62ee customer_id=11 stage=detect_404s status=start
run_id=f14ce12c-807d-47c7-b70c-12df200a62ee customer_id=11 run_type=weekly stage=detect_404s status=complete total_404s=0
run_id=f14ce12c-807d-47c7-b70c-12df200a62ee customer_id=11 elapsed_ms=0 stage=detect_404s status=complete
run_id=f14ce12c-807d-47c7-b70c-12df200a62ee customer_id=11 stage=detect_broken_links status=start
run_id=f14ce12c-807d-47c7-b70c-12df200a62ee customer_id=11 elapsed_ms=0 stage=detect_broken_links status=complete
run_id=f14ce12c-807d-47c7-b70c-12df200a62ee customer_id=11 elapsed_ms=7810 stage=process_customer status=complete
run_id=f14ce12c-807d-47c7-b70c-12df200a62ee customer_id=12 stage=process_customer status=start
run_id=f14ce12c-807d-47c7-b70c-12df200a62ee customer_id=12 stage=fetch_sitemap status=start
run_id=f14ce12c-807d-47c7-b70c-12df200a62ee customer_id=12 elapsed_ms=990 stage=fetch_sitemap status=complete
run_id=f14ce12c-807d-47c7-b70c-12df200a62ee crawl_limit=30 customer_id=12 run_type=weekly stage=page_fetch status=start total_urls=84
run_id=f14ce12c-807d-47c7-b70c-12df200a62ee customer_id=12 progress=1/30 run_type=weekly stage=page_fetch status=fetching url=https://www.sitemaps.org/
run_id=f14ce12c-807d-47c7-b70c-12df200a62ee customer_id=12 run_type=weekly stage=page_fetch status=success status_code=200 url=https://www.sitemaps.org/
run_id=f14ce12c-807d-47c7-b70c-12df200a62ee customer_id=12 progress=2/30 run_type=weekly stage=page_fetch status=fetching url=https://www.sitemaps.org/protocol.html
run_id=f14ce12c-807d-47c7-b70c-12df200a62ee customer_id=12 run_type=weekly stage=page_fetch status=success status_code=200 url=https://www.sitemaps.org/protocol.html
run_id=f14ce12c-807d-47c7-b70c-12df200a62ee customer_id=12 progress=3/30 run_type=weekly stage=page_fetch status=fetching url=https://www.sitemaps.org/faq.html
run_id=f14ce12c-807d-47c7-b70c-12df200a62ee customer_id=12 run_type=weekly stage=page_fetch status=success status_code=200 url=https://www.sitemaps.org/faq.html
run_id=f14ce12c-807d-47c7-b70c-12df200a62ee customer_id=12 progress=4/30 run_type=weekly stage=page_fetch status=fetching url=https://www.sitemaps.org/terms.html
run_id=f14ce12c-807d-47c7-b70c-12df200a62ee customer_id=12 run_type=weekly stage=page_fetch status=success status_code=200 url=https://www.sitemaps.org/terms.html
run_id=f14ce12c-807d-47c7-b70c-12df200a62ee customer_id=12 progress=5/30 run_type=weekly stage=page_fetch status=fetching url=https://www.sitemaps.org/da/
run_id=f14ce12c-807d-47c7-b70c-12df200a62ee customer_id=12 run_type=weekly stage=page_fetch status=success status_code=200 url=https://www.sitemaps.org/da/
run_id=f14ce12c-807d-47c7-b70c-12df200a62ee customer_id=12 progress=6/30 run_type=weekly stage=page_fetch status=fetching url=https://www.sitemaps.org/da/protocol.html
run_id=f14ce12c-807d-47c7-b70c-12df200a62ee customer_id=12 run_type=weekly stage=page_fetch status=success status_code=200 url=https://www.sitemaps.org/da/protocol.html
run_id=f14ce12c-807d-47c7-b70c-12df200a62ee customer_id=12 progress=7/30 run_type=weekly stage=page_fetch status=fetching url=https://www.sitemaps.org/da/faq.html
run_id=f14ce12c-807d-47c7-b70c-12df200a62ee customer_id=12 run_type=weekly stage=page_fetch status=success status_code=200 url=https://www.sitemaps.org/da/faq.html
run_id=f14ce12c-807d-47c7-b70c-12df200a62ee customer_id=12 progress=8/30 run_type=weekly stage=page_fetch status=fetching url=https://www.sitemaps.org/da/terms.html
run_id=f14ce12c-807d-47c7-b70c-12df200a62ee customer_id=12 run_type=weekly stage=page_fetch status=success status_code=200 url=https://www.sitemaps.org/da/terms.html
run_id=f14ce12c-807d-47c7-b70c-12df200a62ee customer_id=12 progress=9/30 run_type=weekly stage=page_fetch status=fetching url=https://www.sitemaps.org/de/
run_id=f14ce12c-807d-47c7-b70c-12df200a62ee customer_id=12 run_type=weekly stage=page_fetch status=success status_code=200 url=https://www.sitemaps.org/de/
run_id=f14ce12c-807d-47c7-b70c-12df200a62ee customer_id=12 progress=10/30 run_type=weekly stage=page_fetch status=fetching url=https://www.sitemaps.org/de/protocol.html
run_id=f14ce12c-807d-47c7-b70c-12df200a62ee customer_id=12 run_type=weekly stage=page_fetch status=success status_code=200 url=https://www.sitemaps.org/de/protocol.html
run_id=f14ce12c-807d-47c7-b70c-12df200a62ee customer_id=12 progress=11/30 run_type=weekly stage=page_fetch status=fetching url=https://www.sitemaps.org/de/faq.html
run_id=f14ce12c-807d-47c7-b70c-12df200a62ee customer_id=12 run_type=weekly stage=page_fetch status=success status_code=200 url=https://www.sitemaps.org/de/faq.html
run_id=f14ce12c-807d-47c7-b70c-12df200a62ee customer_id=12 progress=12/30 run_type=weekly stage=page_fetch status=fetching url=https://www.sitemaps.org/de/terms.html
run_id=f14ce12c-807d-47c7-b70c-12df200a62ee customer_id=12 run_type=weekly stage=page_fetch status=success status_code=200 url=https://www.sitemaps.org/de/terms.html
run_id=f14ce12c-807d-47c7-b70c-12df200a62ee customer_id=12 progress=13/30 run_type=weekly stage=page_fetch status=fetching url=https://www.sitemaps.org/en_GB/
run_id=f14ce12c-807d-47c7-b70c-12df200a62ee customer_id=12 run_type=weekly stage=page_fetch status=success status_code=200 url=https://www.sitemaps.org/en_GB/
run_id=f14ce12c-807d-47c7-b70c-12df200a62ee customer_id=12 progress=14/30 run_type=weekly stage=page_fetch status=fetching url=https://www.sitemaps.org/en_GB/protocol.html
run_id=f14ce12c-807d-47c7-b70c-12df200a62ee customer_id=12 run_type=weekly stage=page_fetch status=success status_code=200 url=https://www.sitemaps.org/en_GB/protocol.html
run_id=f14ce12c-807d-47c7-b70c-12df200a62ee customer_id=12 progress=15/30 run_type=weekly stage=page_fetch status=fetching url=https://www.sitemaps.org/en_GB/faq.html
run_id=f14ce12c-807d-47c7-b70c-12df200a62ee customer_id=12 run_type=weekly stage=page_fetch status=success status_code=200 url=https://www.sitemaps.org/en_GB/faq.html
run_id=f14ce12c-807d-47c7-b70c-12df200a62ee customer_id=12 progress=16/30 run_type=weekly stage=page_fetch status=fetching url=https://www.sitemaps.org/en_GB/terms.html
run_id=f14ce12c-807d-47c7-b70c-12df200a62ee customer_id=12 run_type=weekly stage=page_fetch status=success status_code=200 url=https://www.sitemaps.org/en_GB/terms.html
run_id=f14ce12c-807d-47c7-b70c-12df200a62ee customer_id=12 progress=17/30 run_type=weekly stage=page_fetch status=fetching url=https://www.sitemaps.org/es/
run_id=f14ce12c-807d-47c7-b70c-12df200a62ee customer_id=12 run_type=weekly stage=page_fetch status=success status_code=200 url=https://www.sitemaps.org/es/
run_id=f14ce12c-807d-47c7-b70c-12df200a62ee customer_id=12 progress=18/30 run_type=weekly stage=page_fetch status=fetching url=https://www.sitemaps.org/es/protocol.html
run_id=f14ce12c-807d-47c7-b70c-12df200a62ee customer_id=12 run_type=weekly stage=page_fetch status=success status_code=200 url=https://www.sitemaps.org/es/protocol.html
run_id=f14ce12c-807d-47c7-b70c-12df200a62ee customer_id=12 progress=19/30 run_type=weekly stage=page_fetch status=fetching url=https://www.sitemaps.org/es/faq.html
run_id=f14ce12c-807d-47c7-b70c-12df200a62ee customer_id=12 run_type=weekly stage=page_fetch status=success status_code=200 url=https://www.sitemaps.org/es/faq.html
run_id=f14ce12c-807d-47c7-b70c-12df200a62ee customer_id=12 progress=20/30 run_type=weekly stage=page_fetch status=fetching url=https://www.sitemaps.org/es/terms.html
run_id=f14ce12c-807d-47c7-b70c-12df200a62ee customer_id=12 run_type=weekly stage=page_fetch status=success status_code=200 url=https://www.sitemaps.org/es/terms.html
run_id=f14ce12c-807d-47c7-b70c-12df200a62ee customer_id=12 progress=21/30 run_type=weekly stage=page_fetch status=fetching url=https://www.sitemaps.org/fi/
run_id=f14ce12c-807d-47c7-b70c-12df200a62ee customer_id=12 run_type=weekly stage=page_fetch status=success status_code=200 url=https://www.sitemaps.org/fi/
run_id=f14ce12c-807d-47c7-b70c-12df200a62ee customer_id=12 progress=22/30 run_type=weekly stage=page_fetch status=fetching url=https://www.sitemaps.org/fi/protocol.html
run_id=f14ce12c-807d-47c7-b70c-12df200a62ee customer_id=12 run_type=weekly stage=page_fetch status=success status_code=200 url=https://www.sitemaps.org/fi/protocol.html
run_id=f14ce12c-807d-47c7-b70c-12df200a62ee customer_id=12 progress=23/30 run_type=weekly stage=page_fetch status=fetching url=https://www.sitemaps.org/fi/faq.html
run_id=f14ce12c-807d-47c7-b70c-12df200a62ee customer_id=12 run_type=weekly stage=page_fetch status=success status_code=200 url=https://www.sitemaps.org/fi/faq.html
run_id=f14ce12c-807d-47c7-b70c-12df200a62ee customer_id=12 progress=24/30 run_type=weekly stage=page_fetch status=fetching url=https://www.sitemaps.org/fi/terms.html
run_id=f14ce12c-807d-47c7-b70c-12df200a62ee customer_id=12 run_type=weekly stage=page_fetch status=success status_code=200 url=https://www.sitemaps.org/fi/terms.html
run_id=f14ce12c-807d-47c7-b70c-12df200a62ee customer_id=12 progress=25/30 run_type=weekly stage=page_fetch status=fetching url=https://www.sitemaps.org/fr/
run_id=f14ce12c-807d-47c7-b70c-12df200a62ee customer_id=12 run_type=weekly stage=page_fetch status=success status_code=200 url=https://www.sitemaps.org/fr/
run_id=f14ce12c-807d-47c7-b70c-12df200a62ee customer_id=12 progress=26/30 run_type=weekly stage=page_fetch status=fetching url=https://www.sitemaps.org/fr/protocol.html
run_id=f14ce12c-807d-47c7-b70c-12df200a62ee customer_id=12 run_type=weekly stage=page_fetch status=success status_code=200 url=https://www.sitemaps.org/fr/protocol.html
run_id=f14ce12c-807d-47c7-b70c-12df200a62ee customer_id=12 progress=27/30 run_type=weekly stage=page_fetch status=fetching url=https://www.sitemaps.org/fr/faq.html
run_id=f14ce12c-807d-47c7-b70c-12df200a62ee customer_id=12 run_type=weekly stage=page_fetch status=success status_code=200 url=https://www.sitemaps.org/fr/faq.html
run_id=f14ce12c-807d-47c7-b70c-12df200a62ee customer_id=12 progress=28/30 run_type=weekly stage=page_fetch status=fetching url=https://www.sitemaps.org/fr/terms.html
run_id=f14ce12c-807d-47c7-b70c-12df200a62ee customer_id=12 run_type=weekly stage=page_fetch status=success status_code=200 url=https://www.sitemaps.org/fr/terms.html
run_id=f14ce12c-807d-47c7-b70c-12df200a62ee customer_id=12 progress=29/30 run_type=weekly stage=page_fetch status=fetching url=https://www.sitemaps.org/it/
run_id=f14ce12c-807d-47c7-b70c-12df200a62ee customer_id=12 run_type=weekly stage=page_fetch status=success status_code=200 url=https://www.sitemaps.org/it/
run_id=f14ce12c-807d-47c7-b70c-12df200a62ee customer_id=12 progress=30/30 run_type=weekly stage=page_fetch status=fetching url=https://www.sitemaps.org/it/protocol.html
run_id=f14ce12c-807d-47c7-b70c-12df200a62ee customer_id=12 run_type=weekly stage=page_fetch status=success status_code=200 url=https://www.sitemaps.org/it/protocol.html
run_id=f14ce12c-807d-47c7-b70c-12df200a62ee customer_id=12 error_count=0 fetched_count=30 run_type=weekly stage=page_fetch status=complete success_count=30
run_id=f14ce12c-807d-47c7-b70c-12df200a62ee customer_id=12 fetched_count=30 run_type=weekly stage=fetch_complete status=info success_count=30 total_urls=84
run_id=f14ce12c-807d-47c7-b70c-12df200a62ee customer_id=12 stage=detect_404s status=start
run_id=f14ce12c-807d-47c7-b70c-12df200a62ee customer_id=12 run_type=weekly stage=detect_404s status=complete total_404s=0
run_id=f14ce12c-807d-47c7-b70c-12df200a62ee customer_id=12 elapsed_ms=0 stage=detect_404s status=complete
run_id=f14ce12c-807d-47c7-b70c-12df200a62ee customer_id=12 stage=detect_broken_links status=start
run_id=f14ce12c-807d-47c7-b70c-12df200a62ee customer_id=12 elapsed_ms=0 stage=detect_broken_links status=complete
run_id=f14ce12c-807d-47c7-b70c-12df200a62ee customer_id=12 elapsed_ms=30186 stage=process_customer status=complete
run_id=f14ce12c-807d-47c7-b70c-12df200a62ee customer_id=13 stage=process_customer status=start
run_id=f14ce12c-807d-47c7-b70c-12df200a62ee customer_id=13 stage=fetch_sitemap status=start
run_id=f14ce12c-807d-47c7-b70c-12df200a62ee customer_id=13 elapsed_ms=396 stage=fetch_sitemap status=complete
run_id=f14ce12c-807d-47c7-b70c-12df200a62ee crawl_limit=30 customer_id=13 run_type=weekly stage=page_fetch status=start total_urls=16
run_id=f14ce12c-807d-47c7-b70c-12df200a62ee customer_id=13 progress=1/16 run_type=weekly stage=page_fetch status=fetching url=https://kubernetes.io/en/sitemap.xml
run_id=f14ce12c-807d-47c7-b70c-12df200a62ee customer_id=13 run_type=weekly stage=page_fetch status=success status_code=200 url=https://kubernetes.io/en/sitemap.xml
run_id=f14ce12c-807d-47c7-b70c-12df200a62ee customer_id=13 progress=2/16 run_type=weekly stage=page_fetch status=fetching url=https://kubernetes.io/bn/sitemap.xml
run_id=f14ce12c-807d-47c7-b70c-12df200a62ee customer_id=13 run_type=weekly stage=page_fetch status=success status_code=200 url=https://kubernetes.io/bn/sitemap.xml
run_id=f14ce12c-807d-47c7-b70c-12df200a62ee customer_id=13 progress=3/16 run_type=weekly stage=page_fetch status=fetching url=https://kubernetes.io/zh-cn/sitemap.xml
run_id=f14ce12c-807d-47c7-b70c-12df200a62ee customer_id=13 run_type=weekly stage=page_fetch status=success status_code=200 url=https://kubernetes.io/zh-cn/sitemap.xml
run_id=f14ce12c-807d-47c7-b70c-12df200a62ee customer_id=13 progress=4/16 run_type=weekly stage=page_fetch status=fetching url=https://kubernetes.io/fr/sitemap.xml
run_id=f14ce12c-807d-47c7-b70c-12df200a62ee customer_id=13 run_type=weekly stage=page_fetch status=success status_code=200 url=https://kubernetes.io/fr/sitemap.xml
run_id=f14ce12c-807d-47c7-b70c-12df200a62ee customer_id=13 progress=5/16 run_type=weekly stage=page_fetch status=fetching url=https://kubernetes.io/de/sitemap.xml
run_id=f14ce12c-807d-47c7-b70c-12df200a62ee customer_id=13 run_type=weekly stage=page_fetch status=success status_code=200 url=https://kubernetes.io/de/sitemap.xml
run_id=f14ce12c-807d-47c7-b70c-12df200a62ee customer_id=13 progress=6/16 run_type=weekly stage=page_fetch status=fetching url=https://kubernetes.io/hi/sitemap.xml
run_id=f14ce12c-807d-47c7-b70c-12df200a62ee customer_id=13 run_type=weekly stage=page_fetch status=success status_code=200 url=https://kubernetes.io/hi/sitemap.xml
run_id=f14ce12c-807d-47c7-b70c-12df200a62ee customer_id=13 progress=7/16 run_type=weekly stage=page_fetch status=fetching url=https://kubernetes.io/id/sitemap.xml
run_id=f14ce12c-807d-47c7-b70c-12df200a62ee customer_id=13 run_type=weekly stage=page_fetch status=success status_code=200 url=https://kubernetes.io/id/sitemap.xml
run_id=f14ce12c-807d-47c7-b70c-12df200a62ee customer_id=13 progress=8/16 run_type=weekly stage=page_fetch status=fetching url=https://kubernetes.io/it/sitemap.xml
run_id=f14ce12c-807d-47c7-b70c-12df200a62ee customer_id=13 run_type=weekly stage=page_fetch status=success status_code=200 url=https://kubernetes.io/it/sitemap.xml
run_id=f14ce12c-807d-47c7-b70c-12df200a62ee customer_id=13 progress=9/16 run_type=weekly stage=page_fetch status=fetching url=https://kubernetes.io/ja/sitemap.xml
run_id=f14ce12c-807d-47c7-b70c-12df200a62ee customer_id=13 run_type=weekly stage=page_fetch status=success status_code=200 url=https://kubernetes.io/ja/sitemap.xml
run_id=f14ce12c-807d-47c7-b70c-12df200a62ee customer_id=13 progress=10/16 run_type=weekly stage=page_fetch status=fetching url=https://kubernetes.io/ko/sitemap.xml
run_id=f14ce12c-807d-47c7-b70c-12df200a62ee customer_id=13 run_type=weekly stage=page_fetch status=success status_code=200 url=https://kubernetes.io/ko/sitemap.xml
run_id=f14ce12c-807d-47c7-b70c-12df200a62ee customer_id=13 progress=11/16 run_type=weekly stage=page_fetch status=fetching url=https://kubernetes.io/pl/sitemap.xml
run_id=f14ce12c-807d-47c7-b70c-12df200a62ee customer_id=13 run_type=weekly stage=page_fetch status=success status_code=200 url=https://kubernetes.io/pl/sitemap.xml
run_id=f14ce12c-807d-47c7-b70c-12df200a62ee customer_id=13 progress=12/16 run_type=weekly stage=page_fetch status=fetching url=https://kubernetes.io/pt-br/sitemap.xml
run_id=f14ce12c-807d-47c7-b70c-12df200a62ee customer_id=13 run_type=weekly stage=page_fetch status=success status_code=200 url=https://kubernetes.io/pt-br/sitemap.xml
run_id=f14ce12c-807d-47c7-b70c-12df200a62ee customer_id=13 progress=13/16 run_type=weekly stage=page_fetch status=fetching url=https://kubernetes.io/ru/sitemap.xml
run_id=f14ce12c-807d-47c7-b70c-12df200a62ee customer_id=13 run_type=weekly stage=page_fetch status=success status_code=200 url=https://kubernetes.io/ru/sitemap.xml
run_id=f14ce12c-807d-47c7-b70c-12df200a62ee customer_id=13 progress=14/16 run_type=weekly stage=page_fetch status=fetching url=https://kubernetes.io/es/sitemap.xml
run_id=f14ce12c-807d-47c7-b70c-12df200a62ee customer_id=13 run_type=weekly stage=page_fetch status=success status_code=200 url=https://kubernetes.io/es/sitemap.xml
run_id=f14ce12c-807d-47c7-b70c-12df200a62ee customer_id=13 progress=15/16 run_type=weekly stage=page_fetch status=fetching url=https://kubernetes.io/uk/sitemap.xml
run_id=f14ce12c-807d-47c7-b70c-12df200a62ee customer_id=13 run_type=weekly stage=page_fetch status=success status_code=200 url=https://kubernetes.io/uk/sitemap.xml
run_id=f14ce12c-807d-47c7-b70c-12df200a62ee customer_id=13 progress=16/16 run_type=weekly stage=page_fetch status=fetching url=https://kubernetes.io/vi/sitemap.xml
run_id=f14ce12c-807d-47c7-b70c-12df200a62ee customer_id=13 run_type=weekly stage=page_fetch status=success status_code=200 url=https://kubernetes.io/vi/sitemap.xml
run_id=f14ce12c-807d-47c7-b70c-12df200a62ee customer_id=13 error_count=0 fetched_count=16 run_type=weekly stage=page_fetch status=complete success_count=16
run_id=f14ce12c-807d-47c7-b70c-12df200a62ee customer_id=13 fetched_count=16 run_type=weekly stage=fetch_complete status=info success_count=16 total_urls=16
run_id=f14ce12c-807d-47c7-b70c-12df200a62ee customer_id=13 stage=detect_404s status=start
run_id=f14ce12c-807d-47c7-b70c-12df200a62ee customer_id=13 run_type=weekly stage=detect_404s status=complete total_404s=0
run_id=f14ce12c-807d-47c7-b70c-12df200a62ee customer_id=13 elapsed_ms=0 stage=detect_404s status=complete
run_id=f14ce12c-807d-47c7-b70c-12df200a62ee customer_id=13 stage=detect_broken_links status=start
run_id=f14ce12c-807d-47c7-b70c-12df200a62ee customer_id=13 elapsed_ms=0 stage=detect_broken_links status=complete
run_id=f14ce12c-807d-47c7-b70c-12df200a62ee customer_id=13 elapsed_ms=1647 stage=process_customer status=complete
SUMMARY run_id=f14ce12c-807d-47c7-b70c-12df200a62ee run_type=weekly total_customers=13 succeeded=13 failed=0 elapsed_ms=42430
