run_id=007d3694-97a1-4193-a9c5-5299aa26178d run_type=daily stage=init status=start
run_id=007d3694-97a1-4193-a9c5-5299aa26178d customer_count=8 stage=init status=complete
run_id=007d3694-97a1-4193-a9c5-5299aa26178d customer_id=1 stage=process_customer status=start
run_id=007d3694-97a1-4193-a9c5-5299aa26178d customer_id=1 stage=fetch_robots status=start url=https://example.com/robots.txt
run_id=007d3694-97a1-4193-a9c5-5299aa26178d customer_id=1 elapsed_ms=49 stage=fetch_robots status=complete url=https://example.com/robots.txt
run_id=007d3694-97a1-4193-a9c5-5299aa26178d customer_id=1 error=HTTP 404 stage=fetch_robots status=error url=https://example.com/robots.txt
run_id=007d3694-97a1-4193-a9c5-5299aa26178d customer_id=1 stage=fetch_url status=start url=https://example.com/
run_id=007d3694-97a1-4193-a9c5-5299aa26178d customer_id=1 elapsed_ms=40 stage=fetch_url status=complete url=https://example.com/
run_id=007d3694-97a1-4193-a9c5-5299aa26178d customer_id=1 elapsed_ms=443 stage=process_customer status=complete
run_id=007d3694-97a1-4193-a9c5-5299aa26178d customer_id=2 stage=process_customer status=start
run_id=007d3694-97a1-4193-a9c5-5299aa26178d customer_id=2 stage=fetch_robots status=start url=https://example.com/robots.txt
run_id=007d3694-97a1-4193-a9c5-5299aa26178d customer_id=2 elapsed_ms=455 stage=fetch_robots status=complete url=https://example.com/robots.txt
run_id=007d3694-97a1-4193-a9c5-5299aa26178d customer_id=2 error=HTTP 404 stage=fetch_robots status=error url=https://example.com/robots.txt
run_id=007d3694-97a1-4193-a9c5-5299aa26178d customer_id=2 stage=fetch_url status=start url=https://example.com/
run_id=007d3694-97a1-4193-a9c5-5299aa26178d customer_id=2 elapsed_ms=72 stage=fetch_url status=complete url=https://example.com/
run_id=007d3694-97a1-4193-a9c5-5299aa26178d customer_id=2 elapsed_ms=533 stage=process_customer status=complete
run_id=007d3694-97a1-4193-a9c5-5299aa26178d customer_id=3 stage=process_customer status=start
run_id=007d3694-97a1-4193-a9c5-5299aa26178d customer_id=3 stage=fetch_robots status=start url=https://example.com/robots.txt
run_id=007d3694-97a1-4193-a9c5-5299aa26178d customer_id=3 elapsed_ms=66 stage=fetch_robots status=complete url=https://example.com/robots.txt
run_id=007d3694-97a1-4193-a9c5-5299aa26178d customer_id=3 error=HTTP 404 stage=fetch_robots status=error url=https://example.com/robots.txt
run_id=007d3694-97a1-4193-a9c5-5299aa26178d customer_id=3 stage=fetch_url status=start url=https://example.com/
run_id=007d3694-97a1-4193-a9c5-5299aa26178d customer_id=3 elapsed_ms=55 stage=fetch_url status=complete url=https://example.com/
run_id=007d3694-97a1-4193-a9c5-5299aa26178d customer_id=3 elapsed_ms=127 stage=process_customer status=complete
run_id=007d3694-97a1-4193-a9c5-5299aa26178d customer_id=4 stage=process_customer status=start
run_id=007d3694-97a1-4193-a9c5-5299aa26178d customer_id=4 stage=fetch_robots status=start url=https://example.com/robots.txt
run_id=007d3694-97a1-4193-a9c5-5299aa26178d customer_id=4 elapsed_ms=449 stage=fetch_robots status=complete url=https://example.com/robots.txt
run_id=007d3694-97a1-4193-a9c5-5299aa26178d customer_id=4 error=HTTP 404 stage=fetch_robots status=error url=https://example.com/robots.txt
run_id=007d3694-97a1-4193-a9c5-5299aa26178d customer_id=4 stage=fetch_url status=start url=https://example.com/
run_id=007d3694-97a1-4193-a9c5-5299aa26178d customer_id=4 elapsed_ms=444 stage=fetch_url status=complete url=https://example.com/
run_id=007d3694-97a1-4193-a9c5-5299aa26178d customer_id=4 elapsed_ms=1449 stage=process_customer status=complete
run_id=007d3694-97a1-4193-a9c5-5299aa26178d customer_id=5 stage=process_customer status=start
run_id=007d3694-97a1-4193-a9c5-5299aa26178d customer_id=5 stage=fetch_robots status=start url=https://example.com/robots.txt
run_id=007d3694-97a1-4193-a9c5-5299aa26178d customer_id=5 elapsed_ms=483 stage=fetch_robots status=complete url=https://example.com/robots.txt
run_id=007d3694-97a1-4193-a9c5-5299aa26178d customer_id=5 error=HTTP 404 stage=fetch_robots status=error url=https://example.com/robots.txt
run_id=007d3694-97a1-4193-a9c5-5299aa26178d customer_id=5 stage=fetch_url status=start url=https://example.com/
run_id=007d3694-97a1-4193-a9c5-5299aa26178d customer_id=5 elapsed_ms=119 stage=fetch_url status=complete url=https://example.com/
run_id=007d3694-97a1-4193-a9c5-5299aa26178d customer_id=5 elapsed_ms=700 stage=process_customer status=complete
run_id=007d3694-97a1-4193-a9c5-5299aa26178d customer_id=6 stage=process_customer status=start
run_id=007d3694-97a1-4193-a9c5-5299aa26178d customer_id=6 elapsed_ms=0 stage=process_customer status=complete
run_id=007d3694-97a1-4193-a9c5-5299aa26178d customer_id=7 stage=process_customer status=start
run_id=007d3694-97a1-4193-a9c5-5299aa26178d customer_id=7 elapsed_ms=0 stage=process_customer status=complete
run_id=007d3694-97a1-4193-a9c5-5299aa26178d customer_id=8 stage=process_customer status=start
run_id=007d3694-97a1-4193-a9c5-5299aa26178d customer_id=8 elapsed_ms=0 stage=process_customer status=complete
SUMMARY run_id=007d3694-97a1-4193-a9c5-5299aa26178d run_type=daily total_customers=8 succeeded=8 failed=0 elapsed_ms=3256
run_id=007d3694-97a1-4193-a9c5-5299aa26178d reason=Mailgun not configured: MAILGUN_API_KEY and MAILGUN_DOMAIN must be configured stage=email_init status=skip
